Input/output error at line 1 in user-defined function section "dex::LibraryInitialization".
The user function library C:\Users\ValtielPC\Documents\MOPTA2022_HANALOG_MIP\DataExchange\DLL\libDataExchange.dll cannot be found.
Input/output error at line 1 in user-defined function section "dex::LibraryInitialization".
The library C:\Users\ValtielPC\Documents\MOPTA2022_HANALOG_MIP\DataExchange\DLL\libDataExchange.dll has not been loaded because: Error loading library : The parameter is incorrect.
Execution error at line 1 in user-defined function section "dex::LibraryInitialization".
The dll for external procedure "dex::api::InitService" has not been found.
Semantic error at line 18 in user-defined function section "MainExecution", column 32.
The first argument of external procedure "axll::ReadSingleValue" is an output argument, and parameter "n_patients" cannot be modified here.
Semantic error at line 11 in user-defined function section "MainExecution", column 36.
The dimension of the first argument of external procedure "axll::ReadTable" is 3 instead of 0.
Semantic error at line 9 in user-defined function section "MainExecution", column 42.
The dimension of the first argument of external procedure "axll::ReadTable" is 3 instead of 0.
Semantic error at line 9 in user-defined function section "MainExecution", column 42.
The dimension of the first argument of external procedure "axll::ReadTable" is 3 instead of 0.
Semantic error at line 9 in user-defined function section "MainExecution", column 42.
The dimension of the first argument of external procedure "axll::ReadTable" is 3 instead of 0.
Semantic error at line 9 in user-defined function section "MainExecution", column 42.
The dimension of the first argument of external procedure "axll::ReadTable" is 3 instead of 0.
Semantic error at line 5 in user-defined function section "MainExecution", column 70.
The dimension of the first argument of external procedure "axll::ReadTable" is 3 instead of 0.
Semantic error at line 5 in user-defined function section "MainExecution", column 61.
The dimension of the first argument of external procedure "axll::ReadTable" is 3 instead of 0.
Semantic error at line 7 in user-defined function section "MainExecution", column 32.
The first argument of external procedure "axll::ReadSingleValue" is an output argument, and parameter "n_patients" cannot be modified here.
Semantic error at line 16 in user-defined function section "MainExecution", column 36.
The dimension of the first argument of external procedure "axll::ReadList" is 1 instead of 0.
Semantic error at line 16 in user-defined function section "MainExecution", column 36.
The dimension of the first argument of external procedure "axll::ReadList" is 1 instead of 0.
Semantic error at line 14 in user-defined function section "MainExecution", column 43.
The dimension of the first argument of external procedure "axll::ReadList" is 1 instead of 0.
Semantic error at line 14 in user-defined function section "MainExecution", column 43.
The dimension of the first argument of external procedure "axll::ReadList" is 1 instead of 0.
Input/output error at line 2 in user-defined function section "webui::PROIsInitialized".
The user function library C:\Users\ValtielPC\AppData\Local\AIMMS\PRO\\AimmsProLibrary-2.0\x64\AimmsPROClient.dll cannot be found.
Input/output error at line 2 in user-defined function section "webui::PROIsInitialized".
The library C:\Users\ValtielPC\AppData\Local\AIMMS\PRO\\AimmsProLibrary-2.0\x64\AimmsPROClient.dll has not been loaded because: Error loading library : The parameter is incorrect.
Execution error at line 2 in user-defined function section "webui::PROIsInitialized".
The dll for external procedure "pro::management::IsInitialized" has not been found.
Input/output error at line 2 in user-defined function section "webui::PROIsInitialized".
The user function library C:\Users\ValtielPC\AppData\Local\AIMMS\PRO\\AimmsProLibrary-2.0\x64\AimmsPROClient.dll cannot be found.
Input/output error at line 2 in user-defined function section "webui::PROIsInitialized".
The library C:\Users\ValtielPC\AppData\Local\AIMMS\PRO\\AimmsProLibrary-2.0\x64\AimmsPROClient.dll has not been loaded because: Error loading library : The parameter is incorrect.
Execution error at line 2 in user-defined function section "webui::PROIsInitialized".
The dll for external procedure "pro::management::IsInitialized" has not been found.
Input/output error at line 2 in user-defined function section "webui::PROIsInitialized".
The user function library C:\Users\ValtielPC\AppData\Local\AIMMS\PRO\\AimmsProLibrary-2.0\x64\AimmsPROClient.dll cannot be found.
Input/output error at line 2 in user-defined function section "webui::PROIsInitialized".
The library C:\Users\ValtielPC\AppData\Local\AIMMS\PRO\\AimmsProLibrary-2.0\x64\AimmsPROClient.dll has not been loaded because: Error loading library : The parameter is incorrect.
Execution error at line 2 in user-defined function section "webui::PROIsInitialized".
The dll for external procedure "pro::management::IsInitialized" has not been found.
Input/output error at line 2 in user-defined function section "webui::PROIsInitialized".
The user function library C:\Users\ValtielPC\AppData\Local\AIMMS\PRO\\AimmsProLibrary-2.0\x64\AimmsPROClient.dll cannot be found.
Input/output error at line 2 in user-defined function section "webui::PROIsInitialized".
The library C:\Users\ValtielPC\AppData\Local\AIMMS\PRO\\AimmsProLibrary-2.0\x64\AimmsPROClient.dll has not been loaded because: Error loading library : The parameter is incorrect.
Execution error at line 2 in user-defined function section "webui::PROIsInitialized".
The dll for external procedure "pro::management::IsInitialized" has not been found.
Input/output error at line 2 in user-defined function section "webui::PROIsInitialized".
The user function library C:\Users\ValtielPC\AppData\Local\AIMMS\PRO\\AimmsProLibrary-2.0\x64\AimmsPROClient.dll cannot be found.
Input/output error at line 2 in user-defined function section "webui::PROIsInitialized".
The library C:\Users\ValtielPC\AppData\Local\AIMMS\PRO\\AimmsProLibrary-2.0\x64\AimmsPROClient.dll has not been loaded because: Error loading library : The parameter is incorrect.
Execution error at line 2 in user-defined function section "webui::PROIsInitialized".
The dll for external procedure "pro::management::IsInitialized" has not been found.
A DataChangeMonitor with ID DataChangeMonitor001 does not exist.
Input/output error at line 2 in user-defined function section "webui::PROIsInitialized".
The user function library C:\Users\ValtielPC\AppData\Local\AIMMS\PRO\\AimmsProLibrary-2.0\x64\AimmsPROClient.dll cannot be found.
Input/output error at line 2 in user-defined function section "webui::PROIsInitialized".
The library C:\Users\ValtielPC\AppData\Local\AIMMS\PRO\\AimmsProLibrary-2.0\x64\AimmsPROClient.dll has not been loaded because: Error loading library : The parameter is incorrect.
Execution error at line 2 in user-defined function section "webui::PROIsInitialized".
The dll for external procedure "pro::management::IsInitialized" has not been found.
Semantic error at line 1 in the objective of mathematical program "scheduleWeek".
The variable "total_cost" to be optimized should be a free scalar variable.
Domain violation at line 1 in the definition of constraint "obj", column 28.
The scope of parameter "spec_b" has not been specified.
Input/output error at line 7 in user-defined function section "pro::LibraryTermination".
The user function library C:\Users\ValtielPC\AppData\Local\AIMMS\PRO\\AimmsProLibrary-2.0\x64\AimmsPROClient.dll cannot be found.
Input/output error at line 7 in user-defined function section "pro::LibraryTermination".
The library C:\Users\ValtielPC\AppData\Local\AIMMS\PRO\\AimmsProLibrary-2.0\x64\AimmsPROClient.dll has not been loaded because: Error loading library : The parameter is incorrect.
Execution error at line 7 in user-defined function section "pro::LibraryTermination".
The dll for external procedure "pro::management::IsInitialized" has not been found.
